19:35:23.258 [main] INFO  org.testng.internal.Utils - [TestNG] Time taken by org.testng.reporters.XMLReporter@655f7ea: 24 ms
19:35:23.284 [main] INFO  org.testng.internal.Utils - [TestNG] Time taken by org.testng.reporters.EmailableReporter2@665df3c6: 16 ms
19:35:23.294 [main] INFO  org.testng.internal.Utils - [TestNG] Time taken by org.testng.reporters.JUnitReportReporter@1bb564e2: 9 ms
19:35:23.294 [main] INFO  org.testng.internal.Utils - [TestNG] Time taken by org.testng.internal.ExitCodeListener@62e6b5c8: 0 ms
19:42:04.054 [main] INFO  org.testng.internal.Utils - [TestNG] Running:
  C:\Users\kashi\eclipse-workspace\OpencartV121\testng.xml

19:42:10.242 [main] INFO  testCases.TC_002_LoginTest - ***** Starting TC_002_LoginTest *****
19:42:10.373 [main] INFO  testCases.TC_002_LoginTest - clicked on myaccount link on the home page..
19:42:10.843 [main] INFO  testCases.TC_002_LoginTest - clicked on login link under myaccount..
19:42:10.844 [main] INFO  testCases.TC_002_LoginTest - Entering valid email and password..
19:42:12.113 [main] INFO  testCases.TC_002_LoginTest - clicked on ligin button..
19:42:12.159 [main] INFO  testCases.TC_002_LoginTest - ***** Starting TC002_LoginTest *****
19:42:16.483 [main] INFO  testCases.TC_001_AccountRegistrationTest - ***** Starting TC_001_AccountRegistrationTest ******
19:42:16.588 [main] INFO  testCases.TC_001_AccountRegistrationTest - Clicked on MyAccount Link...
19:42:17.397 [main] INFO  testCases.TC_001_AccountRegistrationTest - Clicked on Registeration Link...
19:42:17.401 [main] INFO  testCases.TC_001_AccountRegistrationTest - Providing customer details...
19:42:18.992 [main] INFO  testCases.TC_001_AccountRegistrationTest - Validating expected message...
19:42:19.032 [main] INFO  testCases.TC_001_AccountRegistrationTest - ***** Finished TC_001_AccountRegistrationTest ******
13:07:28.125 [main] INFO  org.testng.internal.Utils - [TestNG] Running:
  C:\Users\kashi\eclipse-workspace\OpencartV121\testng.xml

13:08:09.534 [main] INFO  org.testng.internal.Utils - [TestNG] Running:
  C:\Users\kashi\eclipse-workspace\OpencartV121\testng.xml

13:09:18.915 [main] INFO  org.testng.internal.Utils - [TestNG] Running:
  C:\Users\kashi\eclipse-workspace\OpencartV121\testng.xml

13:12:23.221 [main] INFO  org.testng.internal.Utils - [TestNG] Running:
  C:\Users\kashi\eclipse-workspace\OpencartV121\testng.xml

13:30:59.939 [main] INFO  org.testng.internal.Utils - [TestNG] Running:
  C:\Users\kashi\eclipse-workspace\OpencartV121\testng.xml

13:35:21.095 [main] INFO  org.testng.internal.Utils - [TestNG] Running:
  C:\Users\kashi\eclipse-workspace\OpencartV121\testng.xml

13:40:54.655 [main] INFO  org.testng.internal.Utils - [TestNG] Running:
  C:\Users\kashi\eclipse-workspace\OpencartV121\testng.xml

13:43:08.931 [main] INFO  org.testng.internal.Utils - [TestNG] Running:
  C:\Users\kashi\eclipse-workspace\OpencartV121\testng.xml

13:43:15.245 [main] INFO  testCases.TC_003_LoginDDT - **** Starting TC_003_LoginDDT *****
13:43:15.985 [main] INFO  testCases.TC_003_LoginDDT - **** Starting TC_003_LoginDDT *****
13:43:16.541 [main] INFO  testCases.TC_003_LoginDDT - **** Starting TC_003_LoginDDT *****
13:43:17.122 [main] INFO  testCases.TC_003_LoginDDT - **** Starting TC_003_LoginDDT *****
13:43:17.714 [main] INFO  testCases.TC_003_LoginDDT - **** Starting TC_003_LoginDDT *****
13:45:00.291 [main] INFO  org.testng.internal.Utils - [TestNG] Running:
  C:\Users\kashi\eclipse-workspace\OpencartV121\testng.xml

13:45:06.251 [main] INFO  testCases.TC_003_LoginDDT - **** Starting TC_003_LoginDDT *****
13:45:06.959 [main] INFO  testCases.TC_003_LoginDDT - **** Starting TC_003_LoginDDT *****
13:45:07.554 [main] INFO  testCases.TC_003_LoginDDT - **** Starting TC_003_LoginDDT *****
13:45:08.165 [main] INFO  testCases.TC_003_LoginDDT - **** Starting TC_003_LoginDDT *****
13:45:08.750 [main] INFO  testCases.TC_003_LoginDDT - **** Starting TC_003_LoginDDT *****
13:47:33.913 [main] INFO  org.testng.internal.Utils - [TestNG] Running:
  C:\Users\kashi\eclipse-workspace\OpencartV121\testng.xml

13:47:39.746 [main] INFO  testCases.TC_003_LoginDDT - **** Starting TC_003_LoginDDT *****
13:47:40.443 [main] INFO  testCases.TC_003_LoginDDT - **** Starting TC_003_LoginDDT *****
13:47:41.031 [main] INFO  testCases.TC_003_LoginDDT - **** Starting TC_003_LoginDDT *****
13:47:41.618 [main] INFO  testCases.TC_003_LoginDDT - **** Starting TC_003_LoginDDT *****
13:47:42.189 [main] INFO  testCases.TC_003_LoginDDT - **** Starting TC_003_LoginDDT *****
13:49:35.119 [main] INFO  org.testng.internal.Utils - [TestNG] Running:
  C:\Users\kashi\eclipse-workspace\OpencartV121\testng.xml

13:49:40.623 [main] INFO  testCases.TC_003_LoginDDT - **** Starting TC_003_LoginDDT *****
13:49:43.103 [main] INFO  testCases.TC_003_LoginDDT - **** Finished TC_003_LoginDDT *****
13:49:43.111 [main] INFO  testCases.TC_003_LoginDDT - **** Starting TC_003_LoginDDT *****
13:49:54.475 [main] INFO  testCases.TC_003_LoginDDT - **** Finished TC_003_LoginDDT *****
13:49:54.477 [main] INFO  testCases.TC_003_LoginDDT - **** Starting TC_003_LoginDDT *****
13:50:05.848 [main] INFO  testCases.TC_003_LoginDDT - **** Finished TC_003_LoginDDT *****
13:50:05.855 [main] INFO  testCases.TC_003_LoginDDT - **** Starting TC_003_LoginDDT *****
13:50:17.798 [main] INFO  testCases.TC_003_LoginDDT - **** Finished TC_003_LoginDDT *****
13:50:17.807 [main] INFO  testCases.TC_003_LoginDDT - **** Starting TC_003_LoginDDT *****
13:50:20.634 [main] INFO  testCases.TC_003_LoginDDT - **** Finished TC_003_LoginDDT *****
10:41:52.138 [main] INFO  org.testng.internal.Utils - [TestNG] Running:
  C:\Users\kashi\eclipse-workspace\OpencartV121\testng.xml

10:44:42.160 [main] INFO  org.testng.internal.Utils - [TestNG] Running:
  C:\Users\kashi\eclipse-workspace\OpencartV121\testng.xml

10:44:52.902 [main] INFO  testCases.TC_003_LoginDDT - **** Starting TC_003_LoginDDT *****
10:44:57.350 [main] INFO  testCases.TC_003_LoginDDT - **** Finished TC_003_LoginDDT *****
10:44:57.362 [main] INFO  testCases.TC_003_LoginDDT - **** Starting TC_003_LoginDDT *****
10:45:10.622 [main] INFO  testCases.TC_003_LoginDDT - **** Finished TC_003_LoginDDT *****
10:45:10.624 [main] INFO  testCases.TC_003_LoginDDT - **** Starting TC_003_LoginDDT *****
10:45:23.320 [main] INFO  testCases.TC_003_LoginDDT - **** Finished TC_003_LoginDDT *****
10:45:23.327 [main] INFO  testCases.TC_003_LoginDDT - **** Starting TC_003_LoginDDT *****
10:45:35.635 [main] INFO  testCases.TC_003_LoginDDT - **** Finished TC_003_LoginDDT *****
10:45:35.640 [main] INFO  testCases.TC_003_LoginDDT - **** Starting TC_003_LoginDDT *****
10:45:39.957 [main] INFO  testCases.TC_003_LoginDDT - **** Finished TC_003_LoginDDT *****
11:59:52.195 [main] INFO  org.testng.internal.Utils - [TestNG] Running:
  C:\Users\kashi\eclipse-workspace\OpencartV121\testng.xml

11:59:58.447 [main] INFO  testCases.TC_003_LoginDDT - **** Started TC_003_LoginDDT *****
12:00:01.112 [main] INFO  testCases.TC_003_LoginDDT - **** Finished TC_003_LoginDDT *****
12:00:01.119 [main] INFO  testCases.TC_003_LoginDDT - **** Started TC_003_LoginDDT *****
12:00:12.544 [main] INFO  testCases.TC_003_LoginDDT - **** Started TC_003_LoginDDT *****
12:00:23.933 [main] INFO  testCases.TC_003_LoginDDT - **** Started TC_003_LoginDDT *****
12:00:35.948 [main] INFO  testCases.TC_003_LoginDDT - **** Started TC_003_LoginDDT *****
12:00:39.112 [main] INFO  testCases.TC_003_LoginDDT - **** Finished TC_003_LoginDDT *****
12:04:53.855 [main] INFO  org.testng.internal.Utils - [TestNG] Running:
  C:\Users\kashi\eclipse-workspace\OpencartV121\testng.xml

12:04:59.527 [main] INFO  testCases.TC_003_LoginDDT - **** Started TC_003_LoginDDT *****
12:05:02.069 [main] INFO  testCases.TC_003_LoginDDT - **** Finished TC_003_LoginDDT *****
12:05:02.077 [main] INFO  testCases.TC_003_LoginDDT - **** Started TC_003_LoginDDT *****
12:05:15.226 [main] INFO  testCases.TC_003_LoginDDT - **** Started TC_003_LoginDDT *****
12:05:26.618 [main] INFO  testCases.TC_003_LoginDDT - **** Started TC_003_LoginDDT *****
12:05:38.617 [main] INFO  testCases.TC_003_LoginDDT - **** Started TC_003_LoginDDT *****
12:05:41.499 [main] INFO  testCases.TC_003_LoginDDT - **** Finished TC_003_LoginDDT *****
12:20:46.823 [main] INFO  org.testng.internal.Utils - [Utils] MethodGroupsHelper.collectMethodsByGroup() took 0 ms.
12:20:46.827 [main] INFO  org.testng.internal.Utils - [Utils] MethodGroupsHelper.sortMethods() took 0 ms.
12:20:46.829 [main] INFO  org.testng.internal.Utils - [Utils] MethodGroupsHelper.collectMethodsByGroup() took 0 ms.
12:20:46.829 [main] INFO  org.testng.internal.Utils - [Utils] MethodGroupsHelper.sortMethods() took 0 ms.
12:20:46.829 [main] INFO  org.testng.internal.Utils - [Utils] MethodGroupsHelper.collectMethodsByGroup() took 0 ms.
12:20:46.829 [main] INFO  org.testng.internal.Utils - [Utils] MethodGroupsHelper.sortMethods() took 0 ms.
12:20:46.830 [main] INFO  org.testng.internal.Utils - [Utils] MethodGroupsHelper.collectMethodsByGroup() took 0 ms.
12:20:46.830 [main] INFO  org.testng.internal.Utils - [Utils] MethodGroupsHelper.sortMethods() took 0 ms.
12:20:46.836 [main] INFO  org.testng.internal.Utils - [Utils] MethodGroupsHelper.collectMethodsByGroup() took 4 ms.
12:20:46.843 [main] INFO  org.testng.internal.Utils - [Utils] MethodGroupsHelper.sortMethods() took 6 ms.
12:20:46.845 [main] INFO  org.testng.internal.Utils - [Utils] MethodGroupsHelper.collectMethodsByGroup() took 0 ms.
12:20:46.845 [main] INFO  org.testng.internal.Utils - [Utils] MethodGroupsHelper.sortMethods() took 0 ms.
12:20:46.846 [main] INFO  org.testng.internal.Utils - [Utils] MethodGroupsHelper.collectMethodsByGroup() took 0 ms.
12:20:46.846 [main] INFO  org.testng.internal.Utils - [Utils] MethodGroupsHelper.sortMethods() took 0 ms.
12:20:46.846 [main] INFO  org.testng.internal.Utils - [Utils] MethodGroupsHelper.collectMethodsByGroup() took 0 ms.
12:20:46.846 [main] INFO  org.testng.internal.Utils - [Utils] MethodGroupsHelper.sortMethods() took 0 ms.
12:20:46.848 [main] INFO  org.testng.internal.Utils - [Utils] MethodGroupsHelper.collectMethodsByGroup() took 0 ms.
12:20:46.848 [main] INFO  org.testng.internal.Utils - [Utils] MethodGroupsHelper.sortMethods() took 0 ms.
12:20:46.848 [main] INFO  org.testng.internal.Utils - [Utils] MethodGroupsHelper.collectMethodsByGroup() took 0 ms.
12:20:46.848 [main] INFO  org.testng.internal.Utils - [Utils] MethodGroupsHelper.sortMethods() took 0 ms.
12:20:46.851 [main] INFO  org.testng.internal.Utils - [Utils] MethodGroupsHelper.collectMethodsByGroup() took 0 ms.
12:20:46.851 [main] INFO  org.testng.internal.Utils - [Utils] MethodGroupsHelper.sortMethods() took 0 ms.
12:20:46.851 [main] INFO  org.testng.internal.Utils - [Utils] MethodGroupsHelper.collectMethodsByGroup() took 0 ms.
12:20:46.851 [main] INFO  org.testng.internal.Utils - [Utils] MethodGroupsHelper.sortMethods() took 0 ms.
12:20:46.852 [main] INFO  org.testng.internal.Utils - [Utils] MethodGroupsHelper.collectMethodsByGroup() took 0 ms.
12:20:46.852 [main] INFO  org.testng.internal.Utils - [Utils] MethodGroupsHelper.sortMethods() took 0 ms.
12:20:46.853 [main] INFO  org.testng.internal.Utils - [Utils] MethodGroupsHelper.collectMethodsByGroup() took 0 ms.
12:20:46.853 [main] INFO  org.testng.internal.Utils - [Utils] MethodGroupsHelper.sortMethods() took 0 ms.
12:20:46.854 [main] INFO  org.testng.internal.Utils - [Utils] MethodGroupsHelper.collectMethodsByGroup() took 0 ms.
12:20:46.854 [main] INFO  org.testng.internal.Utils - [Utils] MethodGroupsHelper.sortMethods() took 0 ms.
12:20:46.860 [main] INFO  org.testng.internal.Utils - [TestNG] Running:
  C:\Users\kashi\AppData\Local\Temp\testng-eclipse-465773754\testng-customsuite.xml

12:20:46.877 [main] INFO  org.testng.internal.Utils - [Utils] DynamicGraphHelper.createDynamicGraph() took 4 ms.
12:20:48.114 [main] INFO  org.testng.internal.Utils - [TestNG] Time taken by org.testng.reporters.jq.Main@34523d46: 118 ms
12:20:48.131 [main] INFO  org.testng.internal.Utils - [TestNG] Time taken by org.testng.reporters.FailedReporter@42c2f48c: 15 ms
12:20:48.146 [main] INFO  org.testng.internal.Utils - [TestNG] Time taken by org.testng.reporters.XMLReporter@417d6615: 15 ms
12:20:48.155 [main] INFO  org.testng.internal.Utils - [TestNG] Time taken by org.testng.reporters.EmailableReporter2@47f08b81: 8 ms
12:20:48.162 [main] INFO  org.testng.internal.Utils - [TestNG] Time taken by org.testng.reporters.JUnitReportReporter@6f8e0cee: 6 ms
12:20:48.163 [main] INFO  org.testng.internal.Utils - [TestNG] Time taken by org.testng.internal.ExitCodeListener@614aeccc: 0 ms
12:21:18.076 [main] INFO  org.testng.internal.Utils - [TestNG] Running:
  C:\Users\kashi\eclipse-workspace\OpencartV121\testng.xml

12:21:24.654 [main] INFO  testCases.TC_003_LoginDDT - **** Started TC_003_LoginDDT *****
12:21:27.352 [main] INFO  testCases.TC_003_LoginDDT - **** Finished TC_003_LoginDDT *****
12:21:27.359 [main] INFO  testCases.TC_003_LoginDDT - **** Started TC_003_LoginDDT *****
12:21:38.919 [main] INFO  testCases.TC_003_LoginDDT - **** Started TC_003_LoginDDT *****
12:21:50.333 [main] INFO  testCases.TC_003_LoginDDT - **** Started TC_003_LoginDDT *****
12:22:02.465 [main] INFO  testCases.TC_003_LoginDDT - **** Started TC_003_LoginDDT *****
12:22:05.607 [main] INFO  testCases.TC_003_LoginDDT - **** Finished TC_003_LoginDDT *****
12:29:11.129 [main] INFO  org.testng.internal.Utils - [TestNG] Running:
  C:\Users\kashi\eclipse-workspace\OpencartV121\testng.xml

12:29:16.878 [main] INFO  testCases.TC_003_LoginDDT - **** Started TC_003_LoginDDT *****
12:29:19.448 [main] INFO  testCases.TC_003_LoginDDT - **** Finished TC_003_LoginDDT *****
12:29:19.457 [main] INFO  testCases.TC_003_LoginDDT - **** Started TC_003_LoginDDT *****
12:29:30.999 [main] INFO  testCases.TC_003_LoginDDT - **** Finished TC_003_LoginDDT *****
12:29:31.003 [main] INFO  testCases.TC_003_LoginDDT - **** Started TC_003_LoginDDT *****
12:29:42.471 [main] INFO  testCases.TC_003_LoginDDT - **** Finished TC_003_LoginDDT *****
12:29:42.476 [main] INFO  testCases.TC_003_LoginDDT - **** Started TC_003_LoginDDT *****
12:29:55.217 [main] INFO  testCases.TC_003_LoginDDT - **** Finished TC_003_LoginDDT *****
12:29:55.223 [main] INFO  testCases.TC_003_LoginDDT - **** Started TC_003_LoginDDT *****
12:29:58.204 [main] INFO  testCases.TC_003_LoginDDT - **** Finished TC_003_LoginDDT *****
12:58:11.020 [main] INFO  org.testng.internal.Utils - [TestNG] Running:
  C:\Users\kashi\eclipse-workspace\OpencartV121\testng.xml

12:58:17.098 [main] INFO  testCases.TC003_LoginDDT - **** Started TC_003_LoginDDT *****
12:58:19.634 [main] INFO  testCases.TC003_LoginDDT - **** Finished TC_003_LoginDDT *****
12:58:19.638 [main] INFO  testCases.TC003_LoginDDT - **** Started TC_003_LoginDDT *****
12:58:30.927 [main] INFO  testCases.TC003_LoginDDT - **** Finished TC_003_LoginDDT *****
12:58:30.931 [main] INFO  testCases.TC003_LoginDDT - **** Started TC_003_LoginDDT *****
12:58:42.304 [main] INFO  testCases.TC003_LoginDDT - **** Finished TC_003_LoginDDT *****
12:58:42.308 [main] INFO  testCases.TC003_LoginDDT - **** Started TC_003_LoginDDT *****
12:58:54.130 [main] INFO  testCases.TC003_LoginDDT - **** Finished TC_003_LoginDDT *****
12:58:54.134 [main] INFO  testCases.TC003_LoginDDT - **** Started TC_003_LoginDDT *****
12:58:56.953 [main] INFO  testCases.TC003_LoginDDT - **** Finished TC_003_LoginDDT *****
07:15:46.691 [main] INFO  org.testng.internal.Utils - [TestNG] Running:
  C:\Users\kashi\eclipse-workspace\OpencartV121\testng.xml

07:15:57.544 [main] INFO  testCases.TC001_AccountRegistrationTest - ***** Starting TC_001_AccountRegistrationTest ******
07:15:57.761 [main] INFO  testCases.TC001_AccountRegistrationTest - Clicked on MyAccount Link...
07:15:58.868 [main] INFO  testCases.TC001_AccountRegistrationTest - Clicked on Registeration Link...
07:15:58.882 [main] INFO  testCases.TC001_AccountRegistrationTest - Providing customer details...
07:16:01.243 [main] INFO  testCases.TC001_AccountRegistrationTest - Validating expected message...
07:16:01.345 [main] INFO  testCases.TC001_AccountRegistrationTest - ***** Finished TC_001_AccountRegistrationTest ******
07:16:14.570 [main] INFO  testCases.TC002_LoginTest - ***** Starting TC_002_LoginTest *****
07:16:14.889 [main] INFO  testCases.TC002_LoginTest - clicked on myaccount link on the home page..
07:16:15.612 [main] INFO  testCases.TC002_LoginTest - clicked on login link under myaccount..
07:16:15.614 [main] INFO  testCases.TC002_LoginTest - Entering valid email and password..
07:16:17.055 [main] INFO  testCases.TC002_LoginTest - clicked on ligin button..
07:16:17.120 [main] INFO  testCases.TC002_LoginTest - ***** Starting TC002_LoginTest *****
07:36:17.643 [main] INFO  org.testng.internal.Utils - [TestNG] Running:
  C:\Users\kashi\eclipse-workspace\OpencartV121\testng.xml

07:36:29.590 [main] INFO  testCases.TC002_LoginTest - ***** Starting TC_002_LoginTest *****
07:36:29.819 [main] INFO  testCases.TC002_LoginTest - clicked on myaccount link on the home page..
07:36:30.426 [main] INFO  testCases.TC002_LoginTest - clicked on login link under myaccount..
07:36:30.429 [main] INFO  testCases.TC002_LoginTest - Entering valid email and password..
07:36:31.921 [main] INFO  testCases.TC002_LoginTest - clicked on ligin button..
07:36:32.005 [main] INFO  testCases.TC002_LoginTest - ***** Starting TC002_LoginTest *****
07:39:46.298 [main] INFO  org.testng.internal.Utils - [TestNG] Running:
  C:\Users\kashi\eclipse-workspace\OpencartV121\testng.xml

07:40:30.273 [main] INFO  org.testng.internal.Utils - [TestNG] Running:
  C:\Users\kashi\eclipse-workspace\OpencartV121\testng.xml

07:47:43.140 [main] INFO  org.testng.internal.Utils - [TestNG] Running:
  C:\Users\kashi\eclipse-workspace\OpencartV121\testng.xml

10:12:58.903 [main] INFO  org.testng.internal.Utils - [TestNG] Running:
  C:\Users\kashi\eclipse-workspace\OpencartV121\testng.xml

10:13:08.413 [main] INFO  testCases.TC001_AccountRegistrationTest - ***** Starting TC_001_AccountRegistrationTest ******
10:13:08.815 [main] INFO  testCases.TC001_AccountRegistrationTest - Clicked on MyAccount Link...
10:13:09.719 [main] INFO  testCases.TC001_AccountRegistrationTest - Clicked on Registeration Link...
10:13:09.723 [main] INFO  testCases.TC001_AccountRegistrationTest - Providing customer details...
10:13:12.025 [main] INFO  testCases.TC001_AccountRegistrationTest - Validating expected message...
10:13:12.128 [main] INFO  testCases.TC001_AccountRegistrationTest - ***** Finished TC_001_AccountRegistrationTest ******
10:13:18.128 [main] INFO  testCases.TC002_LoginTest - ***** Starting TC_002_LoginTest *****
10:13:18.391 [main] INFO  testCases.TC002_LoginTest - clicked on myaccount link on the home page..
10:13:20.042 [main] INFO  testCases.TC002_LoginTest - clicked on login link under myaccount..
10:13:20.047 [main] INFO  testCases.TC002_LoginTest - Entering valid email and password..
10:13:21.631 [main] INFO  testCases.TC002_LoginTest - clicked on ligin button..
10:13:21.717 [main] INFO  testCases.TC002_LoginTest - ***** Starting TC002_LoginTest *****
10:16:13.278 [main] INFO  org.testng.internal.Utils - [TestNG] Running:
  C:\Users\kashi\eclipse-workspace\OpencartV121\testng.xml

10:16:20.469 [main] INFO  testCases.TC001_AccountRegistrationTest - ***** Starting TC_001_AccountRegistrationTest ******
10:16:20.687 [main] INFO  testCases.TC001_AccountRegistrationTest - Clicked on MyAccount Link...
10:16:21.572 [main] INFO  testCases.TC001_AccountRegistrationTest - Clicked on Registeration Link...
10:16:21.577 [main] INFO  testCases.TC001_AccountRegistrationTest - Providing customer details...
10:16:23.774 [main] INFO  testCases.TC001_AccountRegistrationTest - Validating expected message...
10:16:23.848 [main] INFO  testCases.TC001_AccountRegistrationTest - ***** Finished TC_001_AccountRegistrationTest ******
10:16:30.369 [main] INFO  testCases.TC002_LoginTest - ***** Starting TC_002_LoginTest *****
10:16:30.603 [main] INFO  testCases.TC002_LoginTest - clicked on myaccount link on the home page..
10:16:31.210 [main] INFO  testCases.TC002_LoginTest - clicked on login link under myaccount..
10:16:31.213 [main] INFO  testCases.TC002_LoginTest - Entering valid email and password..
10:16:32.382 [main] INFO  testCases.TC002_LoginTest - clicked on ligin button..
10:28:19.136 [main] INFO  org.testng.internal.Utils - [TestNG] Running:
  C:\Users\kashi\eclipse-workspace\OpencartV121\test-output\testng-failed.xml

10:28:26.458 [main] INFO  testCases.TC002_LoginTest - ***** Starting TC_002_LoginTest *****
10:28:26.695 [main] INFO  testCases.TC002_LoginTest - clicked on myaccount link on the home page..
10:28:27.289 [main] INFO  testCases.TC002_LoginTest - clicked on login link under myaccount..
10:28:27.293 [main] INFO  testCases.TC002_LoginTest - Entering valid email and password..
10:28:28.719 [main] INFO  testCases.TC002_LoginTest - clicked on ligin button..
10:28:28.873 [main] INFO  testCases.TC002_LoginTest - ***** Starting TC002_LoginTest *****
12:18:44.544 [main] INFO  org.testng.internal.Utils - [TestNG] Running:
  C:\Users\kashi\eclipse-workspace\OpencartV121\testng.xml

12:18:55.487 [main] INFO  testCases.TC002_LoginTest - ***** Starting TC_002_LoginTest *****
12:18:55.614 [main] INFO  testCases.TC002_LoginTest - clicked on myaccount link on the home page..
12:18:56.078 [main] INFO  testCases.TC002_LoginTest - clicked on login link under myaccount..
12:18:56.080 [main] INFO  testCases.TC002_LoginTest - Entering valid email and password..
12:18:57.215 [main] INFO  testCases.TC002_LoginTest - clicked on ligin button..
12:18:57.268 [main] INFO  testCases.TC002_LoginTest - ***** Starting TC002_LoginTest *****
12:29:54.943 [main] INFO  org.testng.internal.Utils - [TestNG] Running:
  C:\Users\kashi\eclipse-workspace\OpencartV121\testng.xml

12:29:59.956 [main] INFO  testCases.TC001_AccountRegistrationTest - ***** Starting TC_001_AccountRegistrationTest ******
12:30:00.079 [main] INFO  testCases.TC001_AccountRegistrationTest - Clicked on MyAccount Link...
12:30:00.845 [main] INFO  testCases.TC001_AccountRegistrationTest - Clicked on Registeration Link...
12:30:00.847 [main] INFO  testCases.TC001_AccountRegistrationTest - Providing customer details...
12:30:01.484 [main] INFO  testCases.TC001_AccountRegistrationTest - Validating expected message...
12:30:11.560 [main] ERROR testCases.TC001_AccountRegistrationTest - Test Failed...
12:30:16.150 [main] INFO  testCases.TC002_LoginTest - ***** Starting TC_002_LoginTest *****
12:30:16.248 [main] INFO  testCases.TC002_LoginTest - clicked on myaccount link on the home page..
12:30:16.753 [main] INFO  testCases.TC002_LoginTest - clicked on login link under myaccount..
12:30:16.754 [main] INFO  testCases.TC002_LoginTest - Entering valid email and password..
12:30:17.956 [main] INFO  testCases.TC002_LoginTest - clicked on ligin button..
12:30:18.003 [main] INFO  testCases.TC002_LoginTest - ***** Starting TC002_LoginTest *****
12:31:56.079 [main] INFO  org.testng.internal.Utils - [Utils] MethodGroupsHelper.collectMethodsByGroup() took 0 ms.
12:31:56.084 [main] INFO  org.testng.internal.Utils - [Utils] MethodGroupsHelper.sortMethods() took 0 ms.
12:31:56.086 [main] INFO  org.testng.internal.Utils - [Utils] MethodGroupsHelper.collectMethodsByGroup() took 0 ms.
12:31:56.086 [main] INFO  org.testng.internal.Utils - [Utils] MethodGroupsHelper.sortMethods() took 0 ms.
12:31:56.087 [main] INFO  org.testng.internal.Utils - [Utils] MethodGroupsHelper.collectMethodsByGroup() took 0 ms.
12:31:56.087 [main] INFO  org.testng.internal.Utils - [Utils] MethodGroupsHelper.sortMethods() took 0 ms.
12:31:56.087 [main] INFO  org.testng.internal.Utils - [Utils] MethodGroupsHelper.collectMethodsByGroup() took 0 ms.
12:31:56.087 [main] INFO  org.testng.internal.Utils - [Utils] MethodGroupsHelper.sortMethods() took 0 ms.
12:31:56.093 [main] INFO  org.testng.internal.Utils - [Utils] MethodGroupsHelper.collectMethodsByGroup() took 3 ms.
12:31:56.100 [main] INFO  org.testng.internal.Utils - [Utils] MethodGroupsHelper.sortMethods() took 6 ms.
12:31:56.101 [main] INFO  org.testng.internal.Utils - [Utils] MethodGroupsHelper.collectMethodsByGroup() took 0 ms.
12:31:56.102 [main] INFO  org.testng.internal.Utils - [Utils] MethodGroupsHelper.sortMethods() took 0 ms.
12:31:56.102 [main] INFO  org.testng.internal.Utils - [Utils] MethodGroupsHelper.collectMethodsByGroup() took 0 ms.
12:31:56.102 [main] INFO  org.testng.internal.Utils - [Utils] MethodGroupsHelper.sortMethods() took 0 ms.
12:31:56.103 [main] INFO  org.testng.internal.Utils - [Utils] MethodGroupsHelper.collectMethodsByGroup() took 0 ms.
12:31:56.103 [main] INFO  org.testng.internal.Utils - [Utils] MethodGroupsHelper.sortMethods() took 0 ms.
12:31:56.104 [main] INFO  org.testng.internal.Utils - [Utils] MethodGroupsHelper.collectMethodsByGroup() took 0 ms.
12:31:56.105 [main] INFO  org.testng.internal.Utils - [Utils] MethodGroupsHelper.sortMethods() took 0 ms.
12:31:56.105 [main] INFO  org.testng.internal.Utils - [Utils] MethodGroupsHelper.collectMethodsByGroup() took 0 ms.
12:31:56.105 [main] INFO  org.testng.internal.Utils - [Utils] MethodGroupsHelper.sortMethods() took 0 ms.
12:31:56.107 [main] INFO  org.testng.internal.Utils - [Utils] MethodGroupsHelper.collectMethodsByGroup() took 0 ms.
12:31:56.107 [main] INFO  org.testng.internal.Utils - [Utils] MethodGroupsHelper.sortMethods() took 0 ms.
12:31:56.107 [main] INFO  org.testng.internal.Utils - [Utils] MethodGroupsHelper.collectMethodsByGroup() took 0 ms.
12:31:56.107 [main] INFO  org.testng.internal.Utils - [Utils] MethodGroupsHelper.sortMethods() took 0 ms.
12:31:56.108 [main] INFO  org.testng.internal.Utils - [Utils] MethodGroupsHelper.collectMethodsByGroup() took 0 ms.
12:31:56.109 [main] INFO  org.testng.internal.Utils - [Utils] MethodGroupsHelper.sortMethods() took 0 ms.
12:31:56.110 [main] INFO  org.testng.internal.Utils - [Utils] MethodGroupsHelper.collectMethodsByGroup() took 0 ms.
12:31:56.110 [main] INFO  org.testng.internal.Utils - [Utils] MethodGroupsHelper.sortMethods() took 0 ms.
12:31:56.110 [main] INFO  org.testng.internal.Utils - [Utils] MethodGroupsHelper.collectMethodsByGroup() took 0 ms.
12:31:56.110 [main] INFO  org.testng.internal.Utils - [Utils] MethodGroupsHelper.sortMethods() took 0 ms.
12:31:56.117 [main] INFO  org.testng.internal.Utils - [TestNG] Running:
  C:\Users\kashi\AppData\Local\Temp\testng-eclipse--2111912512\testng-customsuite.xml

12:31:56.134 [main] INFO  org.testng.internal.Utils - [Utils] DynamicGraphHelper.createDynamicGraph() took 3 ms.
12:31:56.309 [main] INFO  org.testng.internal.Utils - [TestNG] Time taken by org.testng.reporters.jq.Main@b6b1987: 73 ms
12:31:56.331 [main] INFO  org.testng.internal.Utils - [TestNG] Time taken by org.testng.reporters.FailedReporter@3a3e4aff: 22 ms
12:31:56.345 [main] INFO  org.testng.internal.Utils - [TestNG] Time taken by org.testng.reporters.XMLReporter@2974f221: 14 ms
12:31:56.356 [main] INFO  org.testng.internal.Utils - [TestNG] Time taken by org.testng.reporters.EmailableReporter2@2a8d39c4: 11 ms
12:31:56.367 [main] INFO  org.testng.internal.Utils - [TestNG] Time taken by org.testng.reporters.JUnitReportReporter@607fbe09: 11 ms
12:31:56.368 [main] INFO  org.testng.internal.Utils - [TestNG] Time taken by org.testng.internal.ExitCodeListener@60a2630a: 0 ms
12:37:05.902 [main] INFO  org.testng.internal.Utils - [TestNG] Running:
  C:\Users\kashi\eclipse-workspace\OpencartV121\testng.xml

12:37:11.081 [main] INFO  testCases.TC001_AccountRegistrationTest - ***** Starting TC_001_AccountRegistrationTest ******
12:37:11.209 [main] INFO  testCases.TC001_AccountRegistrationTest - Clicked on MyAccount Link...
12:37:11.950 [main] INFO  testCases.TC001_AccountRegistrationTest - Clicked on Registeration Link...
12:37:11.953 [main] INFO  testCases.TC001_AccountRegistrationTest - Providing customer details...
12:37:13.581 [main] INFO  testCases.TC001_AccountRegistrationTest - Validating expected message...
12:37:13.622 [main] INFO  testCases.TC001_AccountRegistrationTest - ***** Finished TC_001_AccountRegistrationTest ******
12:37:18.035 [main] INFO  testCases.TC002_LoginTest - ***** Starting TC_002_LoginTest *****
12:37:18.149 [main] INFO  testCases.TC002_LoginTest - clicked on myaccount link on the home page..
12:37:18.636 [main] INFO  testCases.TC002_LoginTest - clicked on login link under myaccount..
12:37:18.637 [main] INFO  testCases.TC002_LoginTest - Entering valid email and password..
12:37:19.785 [main] INFO  testCases.TC002_LoginTest - clicked on ligin button..
12:37:19.834 [main] INFO  testCases.TC002_LoginTest - ***** Starting TC002_LoginTest *****
12:51:51.292 [main] INFO  org.testng.internal.Utils - [TestNG] Running:
  C:\Users\kashi\eclipse-workspace\OpencartV121\testng.xml

12:58:20.705 [main] INFO  org.testng.internal.Utils - [TestNG] Running:
  C:\Users\kashi\eclipse-workspace\OpencartV121\testng.xml

12:59:07.607 [main] INFO  org.testng.internal.Utils - [TestNG] Running:
  C:\Users\kashi\eclipse-workspace\OpencartV121\testng.xml

12:59:13.122 [main] INFO  testCases.TC001_AccountRegistrationTest - ***** Starting TC_001_AccountRegistrationTest ******
12:59:13.253 [main] INFO  testCases.TC001_AccountRegistrationTest - Clicked on MyAccount Link...
12:59:14.024 [main] INFO  testCases.TC001_AccountRegistrationTest - Clicked on Registeration Link...
12:59:14.027 [main] INFO  testCases.TC001_AccountRegistrationTest - Providing customer details...
12:59:15.608 [main] INFO  testCases.TC001_AccountRegistrationTest - Validating expected message...
12:59:15.659 [main] INFO  testCases.TC001_AccountRegistrationTest - ***** Finished TC_001_AccountRegistrationTest ******
12:59:20.060 [main] INFO  testCases.TC002_LoginTest - ***** Starting TC_002_LoginTest *****
12:59:20.177 [main] INFO  testCases.TC002_LoginTest - clicked on myaccount link on the home page..
12:59:20.656 [main] INFO  testCases.TC002_LoginTest - clicked on login link under myaccount..
12:59:20.658 [main] INFO  testCases.TC002_LoginTest - Entering valid email and password..
12:59:21.841 [main] INFO  testCases.TC002_LoginTest - clicked on ligin button..
12:59:21.902 [main] INFO  testCases.TC002_LoginTest - ***** Starting TC002_LoginTest *****
23:35:53.769 [main] INFO  org.testng.internal.Utils - [TestNG] Running:
  C:\Users\kashi\eclipse-workspace\OpencartV121\grid-docker.xml

23:36:18.638 [main] INFO  testCases.TC001_AccountRegistrationTest - ***** Starting TC_001_AccountRegistrationTest ******
23:36:18.929 [main] INFO  testCases.TC001_AccountRegistrationTest - Clicked on MyAccount Link...
23:36:20.498 [main] INFO  testCases.TC001_AccountRegistrationTest - Clicked on Registeration Link...
23:36:20.503 [main] INFO  testCases.TC001_AccountRegistrationTest - Providing customer details...
23:36:23.050 [main] INFO  testCases.TC001_AccountRegistrationTest - Validating expected message...
23:36:23.126 [main] INFO  testCases.TC001_AccountRegistrationTest - ***** Finished TC_001_AccountRegistrationTest ******
23:36:26.680 [main] INFO  testCases.TC002_LoginTest - ***** Starting TC_002_LoginTest *****
23:36:26.836 [main] INFO  testCases.TC002_LoginTest - clicked on myaccount link on the home page..
23:36:27.342 [main] INFO  testCases.TC002_LoginTest - clicked on login link under myaccount..
23:36:27.344 [main] INFO  testCases.TC002_LoginTest - Entering valid email and password..
23:36:28.617 [main] INFO  testCases.TC002_LoginTest - clicked on ligin button..
23:36:28.674 [main] INFO  testCases.TC002_LoginTest - ***** Starting TC002_LoginTest *****
23:40:32.644 [main] INFO  org.testng.internal.Utils - [TestNG] Running:
  C:\Users\kashi\eclipse-workspace\OpencartV121\grid-docker.xml

23:40:36.866 [main] INFO  testCases.TC001_AccountRegistrationTest - ***** Starting TC_001_AccountRegistrationTest ******
23:40:37.033 [main] INFO  testCases.TC001_AccountRegistrationTest - Clicked on MyAccount Link...
23:40:37.842 [main] INFO  testCases.TC001_AccountRegistrationTest - Clicked on Registeration Link...
23:40:37.845 [main] INFO  testCases.TC001_AccountRegistrationTest - Providing customer details...
23:40:39.788 [main] INFO  testCases.TC001_AccountRegistrationTest - Validating expected message...
23:40:39.854 [main] INFO  testCases.TC001_AccountRegistrationTest - ***** Finished TC_001_AccountRegistrationTest ******
23:40:43.304 [main] INFO  testCases.TC002_LoginTest - ***** Starting TC_002_LoginTest *****
23:40:43.473 [main] INFO  testCases.TC002_LoginTest - clicked on myaccount link on the home page..
23:40:44.000 [main] INFO  testCases.TC002_LoginTest - clicked on login link under myaccount..
23:40:44.002 [main] INFO  testCases.TC002_LoginTest - Entering valid email and password..
23:40:45.204 [main] INFO  testCases.TC002_LoginTest - clicked on ligin button..
23:40:45.292 [main] INFO  testCases.TC002_LoginTest - ***** Starting TC002_LoginTest *****
23:41:00.214 [main] INFO  testCases.TC001_AccountRegistrationTest - ***** Starting TC_001_AccountRegistrationTest ******
23:41:00.529 [main] INFO  testCases.TC001_AccountRegistrationTest - Clicked on MyAccount Link...
23:41:01.354 [main] INFO  testCases.TC001_AccountRegistrationTest - Clicked on Registeration Link...
23:41:01.355 [main] INFO  testCases.TC001_AccountRegistrationTest - Providing customer details...
23:41:03.168 [main] INFO  testCases.TC001_AccountRegistrationTest - Validating expected message...
23:41:03.207 [main] INFO  testCases.TC001_AccountRegistrationTest - ***** Finished TC_001_AccountRegistrationTest ******
23:41:09.647 [main] INFO  testCases.TC002_LoginTest - ***** Starting TC_002_LoginTest *****
23:41:09.939 [main] INFO  testCases.TC002_LoginTest - clicked on myaccount link on the home page..
23:41:10.401 [main] INFO  testCases.TC002_LoginTest - clicked on login link under myaccount..
23:41:10.402 [main] INFO  testCases.TC002_LoginTest - Entering valid email and password..
23:41:11.564 [main] INFO  testCases.TC002_LoginTest - clicked on ligin button..
23:41:11.611 [main] INFO  testCases.TC002_LoginTest - ***** Starting TC002_LoginTest *****
10:32:18.564 [main] INFO  org.testng.internal.Utils - [TestNG] Running:
  C:\Users\kashi\eclipse-workspace\OpencartV121\grid-docker.xml

10:32:33.986 [main] INFO  testCases.TC001_AccountRegistrationTest - ***** Starting TC_001_AccountRegistrationTest ******
10:32:34.282 [main] INFO  testCases.TC001_AccountRegistrationTest - Clicked on MyAccount Link...
10:32:35.335 [main] INFO  testCases.TC001_AccountRegistrationTest - Clicked on Registeration Link...
10:32:35.338 [main] INFO  testCases.TC001_AccountRegistrationTest - Providing customer details...
10:32:37.668 [main] INFO  testCases.TC001_AccountRegistrationTest - Validating expected message...
10:32:37.732 [main] INFO  testCases.TC001_AccountRegistrationTest - ***** Finished TC_001_AccountRegistrationTest ******
10:32:41.583 [main] INFO  testCases.TC002_LoginTest - ***** Starting TC_002_LoginTest *****
10:32:41.788 [main] INFO  testCases.TC002_LoginTest - clicked on myaccount link on the home page..
10:32:42.319 [main] INFO  testCases.TC002_LoginTest - clicked on login link under myaccount..
10:32:42.320 [main] INFO  testCases.TC002_LoginTest - Entering valid email and password..
10:32:43.566 [main] INFO  testCases.TC002_LoginTest - clicked on ligin button..
10:32:43.655 [main] INFO  testCases.TC002_LoginTest - ***** Starting TC002_LoginTest *****
10:32:57.235 [main] INFO  testCases.TC001_AccountRegistrationTest - ***** Starting TC_001_AccountRegistrationTest ******
10:32:57.782 [main] INFO  testCases.TC001_AccountRegistrationTest - Clicked on MyAccount Link...
10:32:58.939 [main] INFO  testCases.TC001_AccountRegistrationTest - Clicked on Registeration Link...
10:32:58.939 [main] INFO  testCases.TC001_AccountRegistrationTest - Providing customer details...
10:33:00.561 [main] INFO  testCases.TC001_AccountRegistrationTest - Validating expected message...
10:33:00.609 [main] INFO  testCases.TC001_AccountRegistrationTest - ***** Finished TC_001_AccountRegistrationTest ******
10:33:07.015 [main] INFO  testCases.TC002_LoginTest - ***** Starting TC_002_LoginTest *****
10:33:07.284 [main] INFO  testCases.TC002_LoginTest - clicked on myaccount link on the home page..
10:33:07.742 [main] INFO  testCases.TC002_LoginTest - clicked on login link under myaccount..
10:33:07.743 [main] INFO  testCases.TC002_LoginTest - Entering valid email and password..
10:33:08.858 [main] INFO  testCases.TC002_LoginTest - clicked on ligin button..
10:33:08.930 [main] INFO  testCases.TC002_LoginTest - ***** Starting TC002_LoginTest *****
12:17:44.664 [main] INFO  org.testng.internal.Utils - [TestNG] Running:
  C:\Users\kashi\eclipse-workspace\OpencartV121\grid-docker.xml

12:17:49.936 [main] INFO  testCases.TC001_AccountRegistrationTest - ***** Starting TC_001_AccountRegistrationTest ******
12:17:50.090 [main] INFO  testCases.TC001_AccountRegistrationTest - Clicked on MyAccount Link...
12:17:50.893 [main] INFO  testCases.TC001_AccountRegistrationTest - Clicked on Registeration Link...
12:17:50.896 [main] INFO  testCases.TC001_AccountRegistrationTest - Providing customer details...
12:17:52.925 [main] INFO  testCases.TC001_AccountRegistrationTest - Validating expected message...
12:17:52.995 [main] INFO  testCases.TC001_AccountRegistrationTest - ***** Finished TC_001_AccountRegistrationTest ******
12:17:56.403 [main] INFO  testCases.TC002_LoginTest - ***** Starting TC_002_LoginTest *****
12:17:56.555 [main] INFO  testCases.TC002_LoginTest - clicked on myaccount link on the home page..
12:17:57.048 [main] INFO  testCases.TC002_LoginTest - clicked on login link under myaccount..
12:17:57.050 [main] INFO  testCases.TC002_LoginTest - Entering valid email and password..
12:17:58.362 [main] INFO  testCases.TC002_LoginTest - clicked on ligin button..
12:17:58.484 [main] INFO  testCases.TC002_LoginTest - ***** Starting TC002_LoginTest *****
12:18:06.715 [main] INFO  testCases.TC001_AccountRegistrationTest - ***** Starting TC_001_AccountRegistrationTest ******
12:18:07.016 [main] INFO  testCases.TC001_AccountRegistrationTest - Clicked on MyAccount Link...
12:18:07.804 [main] INFO  testCases.TC001_AccountRegistrationTest - Clicked on Registeration Link...
12:18:07.805 [main] INFO  testCases.TC001_AccountRegistrationTest - Providing customer details...
12:18:09.401 [main] INFO  testCases.TC001_AccountRegistrationTest - Validating expected message...
12:18:09.447 [main] INFO  testCases.TC001_AccountRegistrationTest - ***** Finished TC_001_AccountRegistrationTest ******
12:18:15.973 [main] INFO  testCases.TC002_LoginTest - ***** Starting TC_002_LoginTest *****
12:18:16.263 [main] INFO  testCases.TC002_LoginTest - clicked on myaccount link on the home page..
12:18:16.683 [main] INFO  testCases.TC002_LoginTest - clicked on login link under myaccount..
12:18:16.684 [main] INFO  testCases.TC002_LoginTest - Entering valid email and password..
12:18:17.761 [main] INFO  testCases.TC002_LoginTest - clicked on ligin button..
12:18:17.811 [main] INFO  testCases.TC002_LoginTest - ***** Starting TC002_LoginTest *****
12:55:40.355 [main] INFO  org.testng.internal.Utils - [TestNG] Running:
  C:\Users\kashi\eclipse-workspace\OpencartV121\master.xml

12:59:05.148 [main] INFO  org.testng.internal.Utils - [TestNG] Running:
  C:\Users\kashi\eclipse-workspace\OpencartV121\master.xml

13:02:55.741 [main] INFO  org.testng.internal.Utils - [TestNG] Running:
  C:\Users\kashi\eclipse-workspace\OpencartV121\master.xml

09:34:37.254 [main] INFO  org.testng.internal.Utils - [TestNG] Running:
  C:\Users\kashi\eclipse-workspace\OpencartV121\testng.xml

09:41:39.792 [main] INFO  org.testng.internal.Utils - [TestNG] Running:
  C:\Users\kashi\eclipse-workspace\OpencartV121\testng.xml

09:43:24.646 [main] INFO  org.testng.internal.Utils - [TestNG] Running:
  C:\Users\kashi\eclipse-workspace\OpencartV121\testng.xml

09:54:13.772 [main] INFO  org.testng.internal.Utils - [TestNG] Running:
  C:\Users\kashi\eclipse-workspace\OpencartV121\testng.xml

09:54:22.782 [main] INFO  testCases.TC001_AccountRegistrationTest - ***** Starting TC_001_AccountRegistrationTest ******
09:54:23.905 [main] INFO  testCases.TC001_AccountRegistrationTest - Clicked on MyAccount Link...
09:54:25.413 [main] INFO  testCases.TC001_AccountRegistrationTest - Clicked on Registeration Link...
09:54:25.415 [main] INFO  testCases.TC001_AccountRegistrationTest - Providing customer details...
09:54:26.963 [main] INFO  testCases.TC001_AccountRegistrationTest - Validating expected message...
09:54:27.007 [main] INFO  testCases.TC001_AccountRegistrationTest - ***** Finished TC_001_AccountRegistrationTest ******
09:54:32.667 [main] INFO  testCases.TC002_LoginTest - ***** Starting TC_002_LoginTest *****
09:54:32.815 [main] INFO  testCases.TC002_LoginTest - clicked on myaccount link on the home page..
09:54:33.384 [main] INFO  testCases.TC002_LoginTest - clicked on login link under myaccount..
09:54:33.386 [main] INFO  testCases.TC002_LoginTest - Entering valid email and password..
09:54:34.744 [main] INFO  testCases.TC002_LoginTest - clicked on ligin button..
09:54:34.791 [main] INFO  testCases.TC002_LoginTest - ***** Starting TC002_LoginTest *****
09:55:35.408 [main] INFO  org.testng.internal.Utils - [TestNG] Running:
  C:\Users\kashi\eclipse-workspace\OpencartV121\testng.xml

10:06:58.392 [main] INFO  org.testng.internal.Utils - [TestNG] Running:
  C:\Users\kashi\eclipse-workspace\OpencartV121\testng.xml

10:07:05.231 [main] INFO  testCases.TC001_AccountRegistrationTest - ***** Starting TC_001_AccountRegistrationTest ******
10:07:05.455 [main] INFO  testCases.TC001_AccountRegistrationTest - Clicked on MyAccount Link...
10:07:06.340 [main] INFO  testCases.TC001_AccountRegistrationTest - Clicked on Registeration Link...
10:07:06.343 [main] INFO  testCases.TC001_AccountRegistrationTest - Providing customer details...
10:07:08.577 [main] INFO  testCases.TC001_AccountRegistrationTest - Validating expected message...
10:07:08.658 [main] INFO  testCases.TC001_AccountRegistrationTest - ***** Finished TC_001_AccountRegistrationTest ******
10:07:13.328 [main] INFO  testCases.TC002_LoginTest - ***** Starting TC_002_LoginTest *****
10:07:13.491 [main] INFO  testCases.TC002_LoginTest - clicked on myaccount link on the home page..
10:07:14.024 [main] INFO  testCases.TC002_LoginTest - clicked on login link under myaccount..
10:07:14.026 [main] INFO  testCases.TC002_LoginTest - Entering valid email and password..
10:07:15.383 [main] INFO  testCases.TC002_LoginTest - clicked on ligin button..
10:07:15.438 [main] INFO  testCases.TC002_LoginTest - ***** Starting TC002_LoginTest *****
10:13:36.169 [main] INFO  testCases.TC001_AccountRegistrationTest - ***** Starting TC_001_AccountRegistrationTest ******
10:13:36.343 [main] INFO  testCases.TC001_AccountRegistrationTest - Clicked on MyAccount Link...
10:13:37.154 [main] INFO  testCases.TC001_AccountRegistrationTest - Clicked on Registeration Link...
10:13:37.158 [main] INFO  testCases.TC001_AccountRegistrationTest - Providing customer details...
10:13:39.200 [main] INFO  testCases.TC001_AccountRegistrationTest - Validating expected message...
10:13:39.274 [main] INFO  testCases.TC001_AccountRegistrationTest - ***** Finished TC_001_AccountRegistrationTest ******
10:13:42.885 [main] INFO  testCases.TC002_LoginTest - ***** Starting TC_002_LoginTest *****
10:13:43.083 [main] INFO  testCases.TC002_LoginTest - clicked on myaccount link on the home page..
10:13:43.590 [main] INFO  testCases.TC002_LoginTest - clicked on login link under myaccount..
10:13:43.592 [main] INFO  testCases.TC002_LoginTest - Entering valid email and password..
10:13:45.013 [main] INFO  testCases.TC002_LoginTest - clicked on ligin button..
10:13:45.112 [main] INFO  testCases.TC002_LoginTest - ***** Starting TC002_LoginTest *****
10:30:29.557 [main] INFO  testCases.TC001_AccountRegistrationTest - ***** Starting TC_001_AccountRegistrationTest ******
10:30:29.786 [main] INFO  testCases.TC001_AccountRegistrationTest - Clicked on MyAccount Link...
10:30:30.720 [main] INFO  testCases.TC001_AccountRegistrationTest - Clicked on Registeration Link...
10:30:30.726 [main] INFO  testCases.TC001_AccountRegistrationTest - Providing customer details...
10:30:32.716 [main] INFO  testCases.TC001_AccountRegistrationTest - Validating expected message...
10:30:32.766 [main] INFO  testCases.TC001_AccountRegistrationTest - ***** Finished TC_001_AccountRegistrationTest ******
10:30:40.714 [main] INFO  testCases.TC002_LoginTest - ***** Starting TC_002_LoginTest *****
10:30:40.833 [main] INFO  testCases.TC002_LoginTest - clicked on myaccount link on the home page..
10:30:41.344 [main] INFO  testCases.TC002_LoginTest - clicked on login link under myaccount..
10:30:41.346 [main] INFO  testCases.TC002_LoginTest - Entering valid email and password..
10:30:42.602 [main] INFO  testCases.TC002_LoginTest - clicked on ligin button..
10:30:42.663 [main] INFO  testCases.TC002_LoginTest - ***** Starting TC002_LoginTest *****
11:02:49.627 [main] INFO  testCases.TC001_AccountRegistrationTest - ***** Starting TC_001_AccountRegistrationTest ******
11:02:49.884 [main] INFO  testCases.TC001_AccountRegistrationTest - Clicked on MyAccount Link...
11:02:50.801 [main] INFO  testCases.TC001_AccountRegistrationTest - Clicked on Registeration Link...
11:02:50.804 [main] INFO  testCases.TC001_AccountRegistrationTest - Providing customer details...
11:02:53.119 [main] INFO  testCases.TC001_AccountRegistrationTest - Validating expected message...
11:02:53.181 [main] INFO  testCases.TC001_AccountRegistrationTest - ***** Finished TC_001_AccountRegistrationTest ******
11:02:58.310 [main] INFO  testCases.TC002_LoginTest - ***** Starting TC_002_LoginTest *****
11:02:58.502 [main] INFO  testCases.TC002_LoginTest - clicked on myaccount link on the home page..
11:02:59.066 [main] INFO  testCases.TC002_LoginTest - clicked on login link under myaccount..
11:02:59.068 [main] INFO  testCases.TC002_LoginTest - Entering valid email and password..
11:03:00.587 [main] INFO  testCases.TC002_LoginTest - clicked on ligin button..
11:03:00.637 [main] INFO  testCases.TC002_LoginTest - ***** Starting TC002_LoginTest *****
11:48:04.068 [main] INFO  testCases.TC001_AccountRegistrationTest - ***** Starting TC_001_AccountRegistrationTest ******
11:48:04.357 [main] INFO  testCases.TC001_AccountRegistrationTest - Clicked on MyAccount Link...
11:48:05.195 [main] INFO  testCases.TC001_AccountRegistrationTest - Clicked on Registeration Link...
11:48:05.200 [main] INFO  testCases.TC001_AccountRegistrationTest - Providing customer details...
11:48:07.153 [main] INFO  testCases.TC001_AccountRegistrationTest - Validating expected message...
11:48:07.214 [main] INFO  testCases.TC001_AccountRegistrationTest - ***** Finished TC_001_AccountRegistrationTest ******
11:48:12.754 [main] INFO  testCases.TC002_LoginTest - ***** Starting TC_002_LoginTest *****
11:48:12.942 [main] INFO  testCases.TC002_LoginTest - clicked on myaccount link on the home page..
11:48:13.567 [main] INFO  testCases.TC002_LoginTest - clicked on login link under myaccount..
11:48:13.569 [main] INFO  testCases.TC002_LoginTest - Entering valid email and password..
11:48:14.913 [main] INFO  testCases.TC002_LoginTest - clicked on ligin button..
11:48:14.960 [main] INFO  testCases.TC002_LoginTest - ***** Starting TC002_LoginTest *****
14:17:27.993 [main] INFO  testCases.TC001_AccountRegistrationTest - ***** Starting TC_001_AccountRegistrationTest ******
14:17:28.669 [main] INFO  testCases.TC001_AccountRegistrationTest - Clicked on MyAccount Link...
14:17:30.082 [main] INFO  testCases.TC001_AccountRegistrationTest - Clicked on Registeration Link...
14:17:30.085 [main] INFO  testCases.TC001_AccountRegistrationTest - Providing customer details...
14:17:31.713 [main] INFO  testCases.TC001_AccountRegistrationTest - Validating expected message...
14:17:31.778 [main] INFO  testCases.TC001_AccountRegistrationTest - ***** Finished TC_001_AccountRegistrationTest ******
14:17:36.500 [main] INFO  testCases.TC002_LoginTest - ***** Starting TC_002_LoginTest *****
14:17:36.747 [main] INFO  testCases.TC002_LoginTest - clicked on myaccount link on the home page..
14:17:37.433 [main] INFO  testCases.TC002_LoginTest - clicked on login link under myaccount..
14:17:37.441 [main] INFO  testCases.TC002_LoginTest - Entering valid email and password..
14:17:39.046 [main] INFO  testCases.TC002_LoginTest - clicked on ligin button..
14:17:39.097 [main] INFO  testCases.TC002_LoginTest - ***** Starting TC002_LoginTest *****
